[debug] [2026-07-13T21:24:13.401Z] ----------------------------------------------------------------------
[debug] [2026-07-13T21:24:13.404Z] Command:       C:\Program Files\nodejs\node.exe C:\Users\ProTech\AppData\Roaming\npm\node_modules\firebase-tools\lib\bin\firebase.js projects:list
[debug] [2026-07-13T21:24:13.404Z] CLI Version:   15.22.3
[debug] [2026-07-13T21:24:13.404Z] Platform:      win32
[debug] [2026-07-13T21:24:13.404Z] Node Version:  v24.12.0
[debug] [2026-07-13T21:24:13.404Z] Detected Agent: antigravity
[debug] [2026-07-13T21:24:13.404Z] Time:          Mon Jul 13 2026 21:24:13 GMT+0000 (Greenwich Mean Time)
[debug] [2026-07-13T21:24:13.405Z] ----------------------------------------------------------------------
[debug] 
[debug] [2026-07-13T21:24:13.407Z] >>> [apiv2][query] GET https://firebase-public.firebaseio.com/cli.json [none]
[debug] [2026-07-13T21:24:13.750Z] > command requires scopes: ["email","openid","https://www.googleapis.com/auth/cloudplatformprojects.readonly","https://www.googleapis.com/auth/firebase","https://www.googleapis.com/auth/cloud-platform"]
[debug] [2026-07-13T21:24:13.750Z] > authorizing via signed-in user (strangesteven001@gmail.com)
[debug] [2026-07-13T21:24:13.753Z] Checked if tokens are valid: false, expires at: 1783305684710
[debug] [2026-07-13T21:24:13.753Z] Checked if tokens are valid: false, expires at: 1783305684710
[debug] [2026-07-13T21:24:13.753Z] > refreshing access token with scopes: []
[debug] [2026-07-13T21:24:13.755Z] >>> [apiv2][query] POST https://www.googleapis.com/oauth2/v3/token [none]
[debug] [2026-07-13T21:24:13.755Z] >>> [apiv2][body] POST https://www.googleapis.com/oauth2/v3/token [omitted]
[debug] [2026-07-13T21:24:15.905Z] *** [apiv2] error from fetch(https://www.googleapis.com/oauth2/v3/token, {"headers":{},"method":"POST","body":{"type":"Buffer","data":[45,45,45,45,45,45,45,45,45,45,45,45,45,45,45,45,45,45,45,45,45,45,45,45,45,45,45,45,48,98,54,97,57,49,55,101,48,98,48,52,57,49,57,54,100,101,102,53,99,57,102,53,13,10,67,111,110,116,101,110,116,45,68,105,115,112,111,115,105,116,105,111,110,58,32,102,111,114,109,45,100,97,116,97,59,32,110,97,109,101,61,34,114,101,102,114,101,115,104,95,116,111,107,101,110,34,13,10,13,10,49,47,47,48,51,56,57,83,76,72,115,56,107,56,111,83,67,103,89,73,65,82,65,65,71,65,77,83,78,119,70,45,76,57,73,114,53,70,57,56,50,113,114,111,95,83,85,120,106,109,102,79,111,70,70,77,109,66,54,57,57,106,65,87,54,71,111,106,77,113,74,86,111,84,119,115,122,103,99,56,70,88,76,110,115,103,68,102,57,119,117,111,48,54,103,112,86,122,77,74,87,72,85,13,10,45,45,45,45,45,45,45,45,45,45,45,45,45,45,45,45,45,45,45,45,45,45,45,45,45,45,45,45,48,98,54,97,57,49,55,101,48,98,48,52,57,49,57,54,100,101,102,53,99,57,102,53,13,10,67,111,110,116,101,110,116,45,68,105,115,112,111,115,105,116,105,111,110,58,32,102,111,114,109,45,100,97,116,97,59,32,110,97,109,101,61,34,99,108,105,101,110,116,95,105,100,34,13,10,13,10,53,54,51,53,56,52,51,51,53,56,54,57,45,102,103,114,104,103,109,100,52,55,98,113,110,101,107,105,106,53,105,56,98,53,112,114,48,51,104,111,56,52,57,101,54,46,97,112,112,115,46,103,111,111,103,108,101,117,115,101,114,99,111,110,116,101,110,116,46,99,111,109,13,10,45,45,45,45,45,45,45,45,45,45,45,45,45,45,45,45,45,45,45,45,45,45,45,45,45,45,45,45,48,98,54,97,57,49,55,101,48,98,48,52,57,49,57,54,100,101,102,53,99,57,102,53,13,10,67,111,110,116,101,110,116,45,68,105,115,112,111,115,105,116,105,111,110,58,32,102,111,114,109,45,100,97,116,97,59,32,110,97,109,101,61,34,99,108,105,101,110,116,95,115,101,99,114,101,116,34,13,10,13,10,106,57,105,86,90,102,83,56,107,107,67,69,70,85,80,97,65,101,74,86,48,115,65,105,13,10,45,45,45,45,45,45,45,45,45,45,45,45,45,45,45,45,45,45,45,45,45,45,45,45,45,45,45,45,48,98,54,97,57,49,55,101,48,98,48,52,57,49,57,54,100,101,102,53,99,57,102,53,13,10,67,111,110,116,101,110,116,45,68,105,115,112,111,115,105,116,105,111,110,58,32,102,111,114,109,45,100,97,116,97,59,32,110,97,109,101,61,34,103,114,97,110,116,95,116,121,112,101,34,13,10,13,10,114,101,102,114,101,115,104,95,116,111,107,101,110,13,10,45,45,45,45,45,45,45,45,45,45,45,45,45,45,45,45,45,45,45,45,45,45,45,45,45,45,45,45,48,98,54,97,57,49,55,101,48,98,48,52,57,49,57,54,100,101,102,53,99,57,102,53,13,10,67,111,110,116,101,110,116,45,68,105,115,112,111,115,105,116,105,111,110,58,32,102,111,114,109,45,100,97,116,97,59,32,110,97,109,101,61,34,115,99,111,112,101,34,13,10,13,10,13,10,45,45,45,45,45,45,45,45,45,45,45,45,45,45,45,45,45,45,45,45,45,45,45,45,45,45,45,45,48,98,54,97,57,49,55,101,48,98,48,52,57,49,57,54,100,101,102,53,99,57,102,53,45,45,13,10]}}): FetchError: request to https://www.googleapis.com/oauth2/v3/token failed, reason: unable to verify the first certificate; if the root CA is installed locally, try running Node.js with --use-system-ca
[error] Authentication Error: Your credentials are no longer valid. Please run firebase login --reauth

For CI servers and headless environments, generate a new token with firebase login:ci
[debug] [2026-07-13T21:24:15.907Z] Authentication Error: Your credentials are no longer valid. Please run firebase login --reauth

For CI servers and headless environments, generate a new token with firebase login:ci
[debug] [2026-07-13T21:24:18.349Z] *** [apiv2] error from fetch(https://firebase-public.firebaseio.com/cli.json, {"headers":{},"method":"GET"}): FetchError: request to https://firebase-public.firebaseio.com/cli.json failed, reason: unable to verify the first certificate; if the root CA is installed locally, try running Node.js with --use-system-ca
[warn] !  Unable to fetch the CLI MOTD and remote config. This is not a fatal error, but may indicate an issue with your network connection. 
[debug] [2026-07-13T21:24:18.350Z] Failed to fetch MOTD FirebaseError: Failed to make request to https://firebase-public.firebaseio.com/cli.json
[debug] [2026-07-13T21:24:18.857Z] FirebaseError: Authentication Error: Your credentials are no longer valid. Please run firebase login --reauth

For CI servers and headless environments, generate a new token with firebase login:ci
    at invalidCredentialError (C:\Users\ProTech\AppData\Roaming\npm\node_modules\firebase-tools\lib\auth.js:176:12)
    at refreshTokens (C:\Users\ProTech\AppData\Roaming\npm\node_modules\firebase-tools\lib\auth.js:589:15)
    at process.processTicksAndRejections (node:internal/process/task_queues:103:5)
    at async getAccessToken (C:\Users\ProTech\AppData\Roaming\npm\node_modules\firebase-tools\lib\apiv2.js:55:18)
    at async Client.addAuthHeader (C:\Users\ProTech\AppData\Roaming\npm\node_modules\firebase-tools\lib\apiv2.js:207:21)
    at async Client.request (C:\Users\ProTech\AppData\Roaming\npm\node_modules\firebase-tools\lib\apiv2.js:154:34)
    at async getProjectPage (C:\Users\ProTech\AppData\Roaming\npm\node_modules\firebase-tools\lib\management\projects.js:287:17)
    at async getFirebaseProjectPage (C:\Users\ProTech\AppData\Roaming\npm\node_modules\firebase-tools\lib\management\projects.js:304:23)
    at async listFirebaseProjects (C:\Users\ProTech\AppData\Roaming\npm\node_modules\firebase-tools\lib\management\projects.js:333:29)
    at async Command.actionFn (C:\Users\ProTech\AppData\Roaming\npm\node_modules\firebase-tools\lib\commands\projects-list.js:51:20)
[error] 
[error] Error: Failed to list Firebase projects. See firebase-debug.log for more info.
